<?xml version="1.0" encoding="UTF-8"?>
<testsuite name="com.olgaboiar.mint.RouterTest" tests="3" skipped="0" failures="0" errors="0" timestamp="2019-01-31T19:45:29" hostname="Olgas-MacBook-Pro.local" time="0.059">
  <properties/>
  <testcase name="returns200OKWhenLegalRouteIsRequested()" classname="com.olgaboiar.mint.RouterTest" time="0.049"/>
  <testcase name="returns200OKWhenExistentFileIsRequested()" classname="com.olgaboiar.mint.RouterTest" time="0.007"/>
  <testcase name="returnsNotFoundWhenNonExistentRouteIsRequested()" classname="com.olgaboiar.mint.RouterTest" time="0.001"/>
  <system-out><![CDATA[{HEAD=com.olgaboiar.mint.handlers.HEADHandler@65afcbec, GET=com.olgaboiar.mint.handlers.RouteHandler@2bf2e1d4}
{HEAD=com.olgaboiar.mint.handlers.HEADHandler@66469d08, GET=com.olgaboiar.mint.handlers.FileHandler@e193beb}
]]></system-out>
  <system-err><![CDATA[]]></system-err>
</testsuite>
