<?xml version="1.0" encoding="UTF-8"?>
<testsuite name="com.olgaboiar.mint.RequestParserTest" tests="2" skipped="0" failures="0" errors="0" timestamp="2019-01-31T22:12:16" hostname="Olgas-MacBook-Pro.local" time="0.026">
  <properties/>
  <testcase name="testRequestParserCreatesRequestObject()" classname="com.olgaboiar.mint.RequestParserTest" time="0.018"/>
  <testcase name="testParsedRequestObjectHasMethod()" classname="com.olgaboiar.mint.RequestParserTest" time="0.007"/>
  <system-out><![CDATA[]]></system-out>
  <system-err><![CDATA[]]></system-err>
</testsuite>
