<?xml version="1.0" encoding="UTF-8"?>
<testsuite name="com.olgaboiar.mint.RouterTest" tests="3" skipped="0" failures="0" errors="0" timestamp="2019-01-31T17:40:34" hostname="Olgas-MacBook-Pro.local" time="0.058">
  <properties/>
  <testcase name="returns200OKWhenLegalRouteIsRequested()" classname="com.olgaboiar.mint.RouterTest" time="0.045"/>
  <testcase name="returns200OKWhenExistentFileIsRequested()" classname="com.olgaboiar.mint.RouterTest" time="0.009"/>
  <testcase name="returnsNotFoundWhenNonExistentRouteIsRequested()" classname="com.olgaboiar.mint.RouterTest" time="0.001"/>
  <system-out><![CDATA[]]></system-out>
  <system-err><![CDATA[]]></system-err>
</testsuite>
