<?xml version="1.0" encoding="UTF-8"?>
<testsuite name="com.olgaboiar.mint.ServerRunnerTest" tests="1" skipped="0" failures="0" errors="0" timestamp="2019-01-22T15:48:32" hostname="Olgas-MacBook-Pro.local" time="0.05">
  <properties/>
  <testcase name="testServerIsReachable()" classname="com.olgaboiar.mint.ServerRunnerTest" time="0.05"/>
  <system-out><![CDATA[]]></system-out>
  <system-err><![CDATA[]]></system-err>
</testsuite>
