<?xml version="1.0" encoding="UTF-8"?>
<testsuite name="com.olgaboiar.mint.HeaderGeneratorTest" tests="2" skipped="0" failures="0" errors="0" timestamp="2019-01-31T22:12:16" hostname="Olgas-MacBook-Pro.local" time="0.003">
  <properties/>
  <testcase name="testGeneratesCorrectStatusLine()" classname="com.olgaboiar.mint.HeaderGeneratorTest" time="0.001"/>
  <testcase name="testGeneratesCorrectDate()" classname="com.olgaboiar.mint.HeaderGeneratorTest" time="0.001"/>
  <system-out><![CDATA[]]></system-out>
  <system-err><![CDATA[]]></system-err>
</testsuite>
